________________________________________________________________________________
Frame3DD version: 20140514+               http://frame3dd.sf.net/
GPL Copyright (C) 1992-2015, Henri P. Gavin 
Frame3DD is distributed in the hope that it will be useful but with no warranty.
For details see the GNU Public Licence: http://www.fsf.org/copyleft/gpl.html
________________________________________________________________________________

Example B: a pyramid-shaped frame --- static and dynamic analysis (N mm ton) 
Sun Nov  1 22:45:16 2015
________________________________________________________________________________
In 2D problems the Y-axis is vertical.  In 3D problems the Z-axis is vertical.
________________________________________________________________________________
    5 NODES              4 FIXED NODES        4 FRAME ELEMENTS   3 LOAD CASES   
________________________________________________________________________________
N O D E   D A T A                                           R E S T R A I N T S
  Node       X              Y              Z         radius  Fx Fy Fz Mx My Mz
    1       0.000000       0.000000    1000.000000    0.000   0  0  0  0  0  0
    2   -1200.000000    -900.000000       0.000000    0.000   1  1  1  1  1  1
    3    1200.000000    -900.000000       0.000000    0.000   1  1  1  1  1  1
    4    1200.000000     900.000000       0.000000    0.000   1  1  1  1  1  1
    5   -1200.000000     900.000000       0.000000    0.000   1  1  1  1  1  1
F R A M E   E L E M E N T   D A T A					(local)
  Elmnt  J1    J2     Ax   Asy   Asz    Jxx     Iyy     Izz       E       G roll  density
    1     2     1   36.0  20.0  20.0 1000.0   492.0   492.0 200000.0 79300.0   0 7.85e-09
    2     1     3   36.0  20.0  20.0 1000.0   492.0   492.0 200000.0 79300.0   0 7.85e-09
    3     1     4   36.0  20.0  20.0 1000.0   492.0   492.0 200000.0 79300.0   0 7.85e-09
    4     5     1   36.0  20.0  20.0 1000.0   492.0   492.0 200000.0 79300.0   0 7.85e-09
  Include shear deformations.
  Include geometric stiffness.

L O A D   C A S E   1   O F   3  ... 

   Gravity X =  0.0    Gravity Y =  0.0    Gravity Z =  -9806.330 
   1 concentrated loads
   0 uniformly distributed loads
   0 trapezoidally distributed loads
   0 concentrated point loads
   0 temperature loads
   0 prescribed displacements
 N O D A L   L O A D S  +  E Q U I V A L E N T   N O D A L   L O A D S  (global)
  Node        Fx          Fy          Fz          Mxx         Myy         Mzz
     1     100.000    -200.000    -109.992       0.000       0.000       0.000
     2       0.000       0.000      -2.498    -374.698     499.598       0.000
     3       0.000       0.000      -2.498    -374.698    -499.598       0.000
     4       0.000       0.000      -2.498     374.698    -499.598       0.000
     5       0.000       0.000      -2.498     374.698     499.598       0.000

L O A D   C A S E   2   O F   3  ... 

   Gravity X =  0.0    Gravity Y =  0.0    Gravity Z =  -9806.330 
   0 concentrated loads
   2 uniformly distributed loads
   2 trapezoidally distributed loads
   0 concentrated point loads
   1 temperature loads
   0 prescribed displacements
 N O D A L   L O A D S  +  E Q U I V A L E N T   N O D A L   L O A D S  (global)
  Node        Fx          Fy          Fz          Mxx         Myy         Mzz
     1      14.474      45.603      70.281   -1106.364   12204.840   22459.643
     2     -40.000     -30.000      72.502   15875.302  -21167.069       0.000
     3      54.083      72.111      -2.498  -12393.203    8514.281  -22534.696
     4       2.134       1.600       1.401   -1011.131    1348.175       0.000
     5       2.604       6.039      -0.188   -1690.994   -1491.289     687.032
 U N I F O R M   L O A D S						(local)
  Elmnt       Ux               Uy               Uz
     2       0.00000000       0.10000000       0.00000000
     1       0.00000000       0.00000000       0.10000000
 T R A P E Z O I D A L   L O A D S					(local)
  Elmnt       x1               x2               W1               W2
     3      20.00000000      80.00000000       0.01000000       0.05000000  (x)
     3       0.00000000       0.00000000       0.00000000       0.00000000  (y)
     3      80.00000000     830.00000000      -0.05000000       0.07000000  (z)
     4       0.00000000       0.00000000       0.00000000       0.00000000  (x)
     4      68.00000000     330.00000000       0.05000000       0.00000000  (y)
     4      80.00000000     830.00000000      -0.05000000       0.07000000  (z)
 T E M P E R A T U R E   C H A N G E S					(local)
  Elmnt     coef      hy        hz        Ty+       Ty-       Tz+       Tz-
     1  1.20e-05    10.000    10.000    20.000    10.000    10.000   -10.000

L O A D   C A S E   3   O F   3  ... 

   Gravity X =  0.0    Gravity Y =  0.0    Gravity Z =  -9806.330 
   0 concentrated loads
   0 uniformly distributed loads
   0 trapezoidally distributed loads
   2 concentrated point loads
   0 temperature loads
   0 prescribed displacements
 N O D A L   L O A D S  +  E Q U I V A L E N T   N O D A L   L O A D S  (global)
  Node        Fx          Fy          Fz          Mxx         Myy         Mzz
     1      69.513     -34.167    -106.454   26196.117 -114629.272  -52275.957
     2     251.622     281.392    -557.698 -156439.366  183895.925   22220.907
     3     -12.999     -94.251      66.729   40848.692   17951.709   32861.892
     4       0.000       0.000      -2.498     374.698    -499.598       0.000
     5       0.000       0.000      -2.498     374.698     499.598       0.000
 C O N C E N T R A T E D   P O I N T   L O A D S				(local)
  Elmnt       Px          Py          Pz          x
     1       0.000     100.000    -900.000     600.000
     2       0.000    -200.000     200.000     800.000

E L A S T I C   S T I F F N E S S   A N A L Y S I S   via  L D L'  decomposition


L O A D   C A S E   1   O F   3  ... 

N O D E   D I S P L A C E M E N T S  					(global)
  Node    X-dsp       Y-dsp       Z-dsp       X-rot       Y-rot       Z-rot
     1    0.014127   -0.050229   -0.022374    0.000037    0.000009    0.000000
F R A M E   E L E M E N T   E N D   F O R C E S				(local)
  Elmnt  Node       Nx          Vy         Vz        Txx        Myy        Mzz
     1      2    113.543c      0.003      2.082     -1.289   -627.689      6.040
     1      1   -110.772c     -0.003      2.075      1.289    620.132      4.573
     2      1    185.886c     -0.000      2.074      0.904   -620.114     -2.774
     2      3   -188.657c      0.000      2.083     -0.904    627.325     -3.504
     3      1    -14.410t     -0.007      2.075      1.285   -622.621     -4.568
     3      4     11.639t      0.007      2.082     -1.285    628.130     -6.781
     4      5    -86.753t      0.006      2.084     -0.908   -629.366      4.619
     4      1     89.524t     -0.006      2.073      0.908    623.616      2.764
R E A C T I O N S							(global)
  Node        Fx          Fy          Fz         Mxx         Myy         Mzz
     2      74.653      55.994      64.715     373.079    -504.802       4.303
     3    -124.653      93.490     106.381     374.234     503.477      -2.418
     4       8.667       6.509      -4.724    -380.749     499.607      -4.936
     5     -58.667      44.008     -46.388    -380.267    -501.498       3.335
R M S    R E L A T I V E    E Q U I L I B R I U M    E R R O R: 1.411e-32

P E A K   F R A M E   E L E M E N T   I N T E R N A L   F O R C E S(local)", 
  Elmnt   .         Nx          Vy         Vz        Txx        Myy        Mzz
     1   max    -110.772      -0.003      2.075      1.289    312.827      4.573
     1   min    -113.543      -0.003     -2.082      1.289   -627.689     -6.040
     2   max    -185.886       0.000      2.083     -0.904    313.030      2.774
     2   min    -188.657       0.000     -2.074     -0.904   -627.325     -3.504
     3   max      14.410       0.007      2.082     -1.285    311.372      4.568
     3   min      11.639       0.007     -2.075     -1.285   -628.130     -6.781
     4   max      89.524      -0.006      2.073      0.908    310.245      2.764
     4   min      86.753      -0.006     -2.084      0.908   -629.366     -4.619

L O A D   C A S E   2   O F   3  ... 

N O D E   D I S P L A C E M E N T S  					(global)
  Node    X-dsp       Y-dsp       Z-dsp       X-rot       Y-rot       Z-rot
     1    0.064156    0.093237    0.087400   -0.005214    0.020733    0.031757
F R A M E   E L E M E N T   E N D   F O R C E S				(local)
  Elmnt  Node       Nx          Vy         Vz        Txx        Myy        Mzz
     1      2     99.304c      5.146    -92.732  -1077.520  30322.860    471.305
     1      1    -96.533c     -5.146    -83.388   1077.520 -21907.391   8825.807
     2      1   -210.354t    -86.615     -0.623  -1382.830   2975.090 -22439.494
     2      3    207.582t    -93.662      4.780   1382.830   1909.863  28767.992
     3      1    159.704c      5.131     -3.946   -472.220   5717.860   5561.742
     3      4   -164.275c     -5.131      0.603    472.220    637.395   3693.690
     4      5   -176.895t      0.678     -3.406   -166.911   3547.052   2658.708
     4      1    179.666t     -7.228      0.063    166.911   1844.332   9373.964
R E A C T I O N S							(global)
  Node        Fx          Fy          Fz         Mxx         Myy         Mzz
     2     104.435      83.006     -21.005  -19960.924   23894.141     505.922
     3      84.098    -180.155    -111.167   14831.234   -8737.510   23168.124
     4    -105.994     -85.921      91.630    1570.653    1970.045    2806.564
     5    -115.834      87.716    -100.956     836.635    3807.728    2122.071
R M S    R E L A T I V E    E Q U I L I B R I U M    E R R O R: 6.744e-29

P E A K   F R A M E   E L E M E N T   I N T E R N A L   F O R C E S(local)", 
  Elmnt   .         Nx          Vy         Vz        Txx        Myy        Mzz
     1   max     -96.533      -5.146     92.732   1077.520  30322.860   8825.807
     1   min     -99.304      -5.146    -83.388   1077.520 -13680.542   -471.305
     2   max     210.354      86.615      4.780   1382.830   2975.090  28767.992
     2   min     207.582     -93.662      0.623   1382.830  -1909.863 -15080.916
     3   max    -159.704      -5.131     12.285    472.220   5717.860   3693.690
     3   min    -164.275      -5.131     -1.880    472.220  -1082.282  -5561.742
     4   max     179.666      -0.678     11.746    166.911   3547.052   9373.964
     4   min     176.895      -7.228     -2.419    166.911  -2825.367  -2658.708

L O A D   C A S E   3   O F   3  ... 

N O D E   D I S P L A C E M E N T S  					(global)
  Node    X-dsp       Y-dsp       Z-dsp       X-rot       Y-rot       Z-rot
     1    0.000249   -0.013374   -0.021714    0.048696   -0.171587   -0.081501
F R A M E   E L E M E N T   E N D   F O R C E S				(local)
  Elmnt  Node       Nx          Vy         Vz        Txx        Myy        Mzz
     1      2     75.494c    -79.769    698.352   4330.853 -259892.996 -30374.740
     1      1    -72.722c    -20.231    205.805  -4330.853  87165.684   6847.963
     2      1     74.048c    118.696    -95.913   7182.487  27253.074  51684.042
     2      3    -76.819c     81.304    -99.930  -7182.487 -51149.799 -38257.529
     3      1     20.717c    -18.537     31.944   -353.607 -36078.979 -22005.207
     3      4    -23.488c     18.537    -27.787    353.607 -17761.079 -11413.344
     4      5     22.163c    -26.306     21.483  -3205.241 -12554.999 -16171.611
     4      1    -19.392c     26.306    -17.326   3205.241 -22426.938 -31252.765
R E A C T I O N S							(global)
  Node        Fx          Fy          Fz         Mxx         Myy         Mzz
     2    -211.780    -258.541     622.921  172307.129 -195653.237  -22873.291
     3     -46.704     136.656     -40.548  -52442.876  -24593.835  -27848.922
     4     -39.107      -6.141     -10.110    5822.728  -17816.959   -9685.460
     5     -10.545     -24.949      30.156   -2490.185  -13837.360  -15243.688
R M S    R E L A T I V E    E Q U I L I B R I U M    E R R O R: 1.210e-29

P E A K   F R A M E   E L E M E N T   I N T E R N A L   F O R C E S(local)", 
  Elmnt   .         Nx          Vy         Vz        Txx        Myy        Mzz
     1   max     -72.722      79.769    205.805  -4330.853 154642.199  30374.740
     1   min     -75.494     -20.231   -698.352  -4330.853 -259892.996 -17081.603
     2   max     -74.048      81.304     97.712  -7182.487  51149.799  42272.484
     2   min     -76.819    -118.696   -102.196  -7182.487 -49215.993 -51684.042
     3   max     -20.717      18.537    -27.787    353.607  17761.079  22005.207
     3   min     -23.488      18.537    -31.944    353.607 -36078.979 -11413.344
     4   max     -19.392      26.306    -17.326   3205.241  22426.938  16171.611
     4   min     -22.163      26.306    -21.483   3205.241 -12554.999 -31252.765

M O D A L   A N A L Y S I S   R E S U L T S
  Total Mass:  1.020379e-01     Structural Mass:  2.037858e-03 
N O D A L   M A S S E S	(diagonal of the mass matrix)			(global)
  Node  X-mass      Y-mass      Z-mass      X-inrta     Y-inrta     Z-inrta
     1 1.00723e-01 1.00738e-01 1.00733e-01 3.51392e+01 4.73634e+01 4.36768e+01
     2 1.26482e+02 1.26482e+02 1.26482e+02 1.26482e+02 1.26482e+02 1.26482e+02
     3 1.26482e+02 1.26482e+02 1.26482e+02 1.26482e+02 1.26482e+02 1.26482e+02
     4 1.26482e+02 1.26482e+02 1.26482e+02 1.26482e+02 1.26482e+02 1.26482e+02
     5 1.26482e+02 1.26482e+02 1.26482e+02 1.26482e+02 1.26482e+02 1.26482e+02
  Use consistent mass matrix.
N A T U R A L   F R E Q U E N C I E S   & 
M A S S   N O R M A L I Z E D   M O D E   S H A P E S 
 convergence tolerance: 1.000e-09 
  MODE     1:   f= 18.807942 Hz,  T= 0.053169 sec
		X- modal participation factor =  -2.5467e-02 
		Y- modal participation factor =   6.6618e-05 
		Z- modal participation factor =   6.9752e-07 
  Node    X-dsp       Y-dsp       Z-dsp       X-rot       Y-rot       Z-rot
     1  -2.609e-02   1.369e-04   6.904e-06   3.108e-04   1.344e-01  -5.727e-02
     2  -5.684e-09  -6.833e-10   6.882e-10   4.093e-07  -1.721e-06   1.211e-06
     3  -5.706e-09   7.092e-10  -6.812e-10  -4.137e-07  -1.724e-06   1.206e-06
     4  -3.930e-09  -3.054e-09  -7.138e-10   1.137e-06  -1.151e-06  -9.706e-08
     5  -3.948e-09   3.079e-09   7.073e-10  -1.142e-06  -1.155e-06  -9.307e-08
  MODE     2:   f= 19.105451 Hz,  T= 0.052341 sec
		X- modal participation factor =  -1.0453e-02 
		Y- modal participation factor =  -2.4639e-04 
		Z- modal participation factor =   4.8560e-07 
  Node    X-dsp       Y-dsp       Z-dsp       X-rot       Y-rot       Z-rot
     1  -1.106e-02  -5.259e-04   4.806e-06  -1.138e-03   5.497e-02   1.401e-01
     2   1.483e-10  -3.792e-09   2.602e-10   1.253e-06   8.000e-08  -1.126e-06
     3   2.234e-10   3.697e-09  -2.869e-10  -1.235e-06   9.346e-08  -1.111e-06
     4  -4.305e-09   2.132e-09  -2.706e-10  -5.802e-07  -1.285e-06  -1.633e-06
     5  -4.228e-09  -2.229e-09   2.977e-10   5.972e-07  -1.272e-06  -1.648e-06
  MODE     3:   f= 19.690439 Hz,  T= 0.050786 sec
		X- modal participation factor =  -2.3633e-05 
		Y- modal participation factor =   3.7251e-02 
		Z- modal participation factor =  -2.6883e-05 
  Node    X-dsp       Y-dsp       Z-dsp       X-rot       Y-rot       Z-rot
     1  -2.664e-05   8.567e-02  -2.661e-04   1.684e-01   1.233e-04   1.052e-03
     2   6.152e-09   7.668e-09   2.342e-09  -1.313e-06   1.031e-06   1.133e-06
     3  -6.127e-09   7.719e-09   2.341e-09  -1.328e-06  -1.023e-06  -1.153e-06
     4   6.160e-09   7.774e-09  -2.353e-09  -1.310e-06   1.010e-06  -1.143e-06
     5  -6.204e-09   7.730e-09  -2.352e-09  -1.298e-06  -1.024e-06   1.121e-06
  MODE     4:   f= 31.711570 Hz,  T= 0.031534 sec
		X- modal participation factor =   4.2361e-09 
		Y- modal participation factor =   3.1636e-01 
		Z- modal participation factor =   1.4729e-06 
  Node    X-dsp       Y-dsp       Z-dsp       X-rot       Y-rot       Z-rot
     1   1.515e-08   3.155e+00   1.458e-05  -1.416e-02  -1.592e-08  -2.734e-06
     2   2.269e-07   1.701e-07   1.896e-07   1.107e-07  -1.600e-07  -2.947e-08
     3  -2.269e-07   1.701e-07   1.896e-07   1.107e-07   1.599e-07   2.954e-08
     4   2.269e-07   1.701e-07  -1.896e-07   1.089e-07  -1.591e-07   2.803e-08
     5  -2.269e-07   1.701e-07  -1.896e-07   1.089e-07   1.592e-07  -2.795e-08
  MODE     5:   f= 35.159165 Hz,  T= 0.028442 sec
		X- modal participation factor =   4.1028e-08 
		Y- modal participation factor =   1.6832e-06 
		Z- modal participation factor =   3.1839e-01 
  Node    X-dsp       Y-dsp       Z-dsp       X-rot       Y-rot       Z-rot
     1  -2.140e-07  -7.358e-06   3.151e+00   1.428e-05  -3.688e-07   6.963e-10
     2   2.519e-07   1.889e-07   2.105e-07   1.328e-07  -1.773e-07   2.056e-10
     3  -2.519e-07   1.889e-07   2.105e-07   1.328e-07   1.773e-07  -2.137e-10
     4  -2.519e-07  -1.889e-07   2.105e-07  -1.339e-07   1.783e-07  -2.047e-10
     5   2.519e-07  -1.889e-07   2.105e-07  -1.338e-07  -1.783e-07   2.128e-10
  MODE     6:   f= 42.248953 Hz,  T= 0.023669 sec
		X- modal participation factor =   3.1739e-01 
		Y- modal participation factor =  -2.7044e-11 
		Z- modal participation factor =   2.8853e-08 
  Node    X-dsp       Y-dsp       Z-dsp       X-rot       Y-rot       Z-rot
     1   3.155e+00  -4.261e-09   2.854e-07   2.336e-09   8.414e-03   1.752e-05
     2   3.029e-07   2.270e-07   2.529e-07   1.506e-07  -1.125e-07  -6.127e-08
     3   3.029e-07  -2.270e-07  -2.529e-07  -1.506e-07  -1.125e-07  -6.130e-08
     4   3.029e-07   2.270e-07  -2.529e-07   1.494e-07  -1.114e-07   6.094e-08
     5   3.029e-07  -2.270e-07   2.529e-07  -1.494e-07  -1.114e-07   6.092e-08
M A T R I X    I T E R A T I O N S: 2
There are 6 modes below 42.248953 Hz. ... All 6 modes were found.

________________________________________________________________________________
Frame3DD version: 20140514+               http://frame3dd.sf.net/
GPL Copyright (C) 1992-2015, Henri P. Gavin 
Frame3DD is distributed in the hope that it will be useful but with no warranty.
For details see the GNU Public Licence: http://www.fsf.org/copyleft/gpl.html
________________________________________________________________________________

Example A: linear static analysis of a 2D truss with support settlement (kips in)  
Tue Dec 10 05:58:00 2024
________________________________________________________________________________
In 2D problems the Y-axis is vertical.  In 3D problems the Z-axis is vertical.
________________________________________________________________________________
   12 NODES             12 FIXED NODES       21 FRAME ELEMENTS   2 LOAD CASES   
________________________________________________________________________________
N O D E   D A T A                                           R E S T R A I N T S
  Node       X              Y              Z         radius  Fx Fy Fz Mx My Mz
    1       0.000000       0.000000       0.000000    0.000   1  1  1  1  1  0
    2     120.000000       0.000000       0.000000    0.000   0  0  1  1  1  0
    3     240.000000       0.000000       0.000000    0.000   0  0  1  1  1  0
    4     360.000000       0.000000       0.000000    0.000   0  0  1  1  1  0
    5     480.000000       0.000000       0.000000    0.000   0  0  1  1  1  0
    6     600.000000       0.000000       0.000000    0.000   0  0  1  1  1  0
    7     720.000000       0.000000       0.000000    0.000   0  1  1  1  1  0
    8     120.000000     120.000000       0.000000    0.000   1  0  1  1  1  0
    9     240.000000     120.000000       0.000000    0.000   0  0  1  1  1  0
   10     360.000000     120.000000       0.000000    0.000   0  0  1  1  1  0
   11     480.000000     120.000000       0.000000    0.000   0  0  1  1  1  0
   12     600.000000     120.000000       0.000000    0.000   0  0  1  1  1  0
F R A M E   E L E M E N T   D A T A					(local)
  Elmnt  J1    J2     Ax   Asy   Asz    Jxx     Iyy     Izz       E       G roll  density
    1     1     2   10.0   1.0   1.0    1.0     1.0     0.0  29000.0 11500.0   0 7.33e-07
    2     2     3   10.0   1.0   1.0    1.0     1.0     0.0  29000.0 11500.0   0 7.33e-07
    3     3     4   10.0   1.0   1.0    1.0     1.0     0.0  29000.0 11500.0   0 7.33e-07
    4     4     5   10.0   1.0   1.0    1.0     1.0     0.0  29000.0 11500.0   0 7.33e-07
    5     5     6   10.0   1.0   1.0    1.0     1.0     0.0  29000.0 11500.0   0 7.33e-07
    6     6     7   10.0   1.0   1.0    1.0     1.0     0.0  29000.0 11500.0   0 7.33e-07
    7     1     8   10.0   1.0   1.0    1.0     1.0     0.0  29000.0 11500.0   0 7.33e-07
    8     2     8   10.0   1.0   1.0    1.0     1.0     0.0  29000.0 11500.0   0 7.33e-07
    9     2     9   10.0   1.0   1.0    1.0     1.0     0.0  29000.0 11500.0   0 7.33e-07
   10     3     9   10.0   1.0   1.0    1.0     1.0     0.0  29000.0 11500.0   0 7.33e-07
   11     4     9   10.0   1.0   1.0    1.0     1.0     0.0  29000.0 11500.0   0 7.33e-07
   12     4    10   10.0   1.0   1.0    1.0     1.0     0.0  29000.0 11500.0   0 7.33e-07
   13     4    11   10.0   1.0   1.0    1.0     1.0     0.0  29000.0 11500.0   0 7.33e-07
   14     5    11   10.0   1.0   1.0    1.0     1.0     0.0  29000.0 11500.0   0 7.33e-07
   15     6    11   10.0   1.0   1.0    1.0     1.0     0.0  29000.0 11500.0   0 7.33e-07
   16     6    12   10.0   1.0   1.0    1.0     1.0     0.0  29000.0 11500.0   0 7.33e-07
   17     7    12   10.0   1.0   1.0    1.0     1.0     0.0  29000.0 11500.0   0 7.33e-07
   18     8     9   10.0   1.0   1.0    1.0     1.0     0.0  29000.0 11500.0   0 7.33e-07
   19     9    10   10.0   1.0   1.0    1.0     1.0     0.0  29000.0 11500.0   0 7.33e-07
   20    10    11   10.0   1.0   1.0    1.0     1.0     0.0  29000.0 11500.0   0 7.33e-07
   21    11    12   10.0   1.0   1.0    1.0     1.0     0.0  29000.0 11500.0   0 7.33e-07
  Neglect shear deformations.
  Neglect geometric stiffness.

L O A D   C A S E   1   O F   2  ... 

   Gravity X =  0.0    Gravity Y =  0.0    Gravity Z =  0.0 
   5 concentrated loads
   0 uniformly distributed loads
   0 trapezoidally distributed loads
   0 concentrated point loads
   0 temperature loads
   1 prescribed displacements
 N O D A L   L O A D S  +  E Q U I V A L E N T   N O D A L   L O A D S  (global)
  Node        Fx          Fy          Fz          Mxx         Myy         Mzz
     2       0.000     -10.000       0.000       0.000       0.000       0.000
     3       0.000     -20.000       0.000       0.000       0.000       0.000
     4       0.000     -20.000       0.000       0.000       0.000       0.000
     5       0.000     -10.000       0.000       0.000       0.000       0.000
     6       0.000     -20.000       0.000       0.000       0.000       0.000

 P R E S C R I B E D   D I S P L A C E M E N T S                        (global)
  Node        Dx          Dy          Dz          Dxx         Dyy         Dzz
     8       0.100       0.000       0.000       0.000       0.000       0.000

L O A D   C A S E   2   O F   2  ... 

   Gravity X =  0.0    Gravity Y =  0.0    Gravity Z =  0.0 
   3 concentrated loads
   0 uniformly distributed loads
   0 trapezoidally distributed loads
   0 concentrated point loads
   3 temperature loads
   2 prescribed displacements
 N O D A L   L O A D S  +  E Q U I V A L E N T   N O D A L   L O A D S  (global)
  Node        Fx          Fy          Fz          Mxx         Myy         Mzz
     3      20.000       0.000       0.000       0.000       0.000       0.000
     4      10.000       0.000       0.000       0.000       0.000       0.000
     5      20.000       0.000       0.000       0.000       0.000       0.000
 T E M P E R A T U R E   C H A N G E S					(local)
  Elmnt     coef      hy        hz        Ty+       Ty-       Tz+       Tz-
    10  6.00e-12     5.000     5.000    10.000    10.000    10.000    10.000
    13  6.00e-12     5.000     5.000    15.000    15.000    15.000    15.000
    15  6.00e-12     5.000     5.000    17.000    17.000    17.000    17.000

 P R E S C R I B E D   D I S P L A C E M E N T S                        (global)
  Node        Dx          Dy          Dz          Dxx         Dyy         Dzz
     1       0.000      -1.000       0.000       0.000       0.000       0.000
     8       0.100       0.000       0.000       0.000       0.000       0.000

E L A S T I C   S T I F F N E S S   A N A L Y S I S   via  L D L'  decomposition


L O A D   C A S E   1   O F   2  ... 

N O D E   D I S P L A C E M E N T S  					(global)
  Node    X-dsp       Y-dsp       Z-dsp       X-rot       Y-rot       Z-rot
     1    0.0         0.0         0.0         0.0         0.0        -0.001345
     2    0.011745   -0.163879    0.0         0.0         0.0        -0.001037
     3    0.036037   -0.284156    0.0         0.0         0.0        -0.000577
     4    0.060329   -0.315889    0.0         0.0         0.0         0.000023
     5    0.084889   -0.279500    0.0         0.0         0.0         0.000541
     6    0.109449   -0.174012    0.0         0.0         0.0         0.001021
     7    0.125867    0.0         0.0         0.0         0.0         0.001479
     8    0.100000   -0.147194    0.0         0.0         0.0        -0.000921
     9    0.088255   -0.275880    0.0         0.0         0.0        -0.000632
    10    0.059691   -0.315889    0.0         0.0         0.0         0.000006
    11    0.031127   -0.275362    0.0         0.0         0.0         0.000599
    12    0.014710   -0.157594    0.0         0.0         0.0         0.000928
F R A M E   E L E M E N T   E N D   F O R C E S				(local)
  Elmnt  Node       Nx          Vy         Vz        Txx        Myy        Mzz
     1      1    -28.383t      0.0        0.0        0.0        0.0        0.002
     1      2     28.383t      0.0        0.0        0.0        0.0        0.003
     2      2    -58.706t      0.0        0.0        0.0        0.0        0.002
     2      3     58.706t      0.0        0.0        0.0        0.0        0.004
     3      3    -58.706t      0.0        0.0        0.0        0.0       -0.002
     3      4     58.706t      0.0        0.0        0.0        0.0        0.001
     4      4    -59.353t      0.0        0.0        0.0        0.0       -0.002
     4      5     59.353t      0.0        0.0        0.0        0.0        0.001
     5      5    -59.353t      0.0        0.0        0.0        0.0       -0.003
     5      6     59.353t      0.0        0.0        0.0        0.0       -0.000
     6      6    -39.677t      0.0        0.0        0.0        0.0       -0.004
     6      7     39.677t      0.0        0.0        0.0        0.0       -0.002
     7      1     57.026c      0.0        0.0        0.0        0.0       -0.002
     7      8    -57.026c      0.0        0.0        0.0        0.0       -0.000
     8      2    -40.323t      0.0        0.0        0.0        0.0       -0.004
     8      8     40.323t      0.0        0.0        0.0        0.0       -0.003
     9      2     42.884c      0.0        0.0        0.0        0.0       -0.001
     9      9    -42.884c      0.0        0.0        0.0        0.0        0.000
    10      3    -20.000t      0.0        0.0        0.0        0.0       -0.002
    10      9     20.000t      0.0        0.0        0.0        0.0       -0.003
    11      4    -14.600t      0.0        0.0        0.0        0.0        0.001
    11      9     14.600t      0.0        0.0        0.0        0.0       -0.001
    12      4      0.0         0.0        0.0        0.0        0.0        0.000
    12     10      0.0         0.0        0.0        0.0        0.0        0.0  
    13      4    -13.685t      0.0        0.0        0.0        0.0       -0.001
    13     11     13.685t      0.0        0.0        0.0        0.0        0.001
    14      5    -10.000t      0.0        0.0        0.0        0.0        0.002
    14     11     10.000t      0.0        0.0        0.0        0.0        0.002
    15      6     27.827c      0.0        0.0        0.0        0.0        0.001
    15     11    -27.827c      0.0        0.0        0.0        0.0        0.0  
    16      6    -39.676t      0.0        0.0        0.0        0.0        0.003
    16     12     39.676t      0.0        0.0        0.0        0.0        0.002
    17      7     56.111c      0.0        0.0        0.0        0.0        0.002
    17     12    -56.111c      0.0        0.0        0.0        0.0        0.0  
    18      8     28.383c      0.0        0.0        0.0        0.0        0.004
    18      9    -28.383c      0.0        0.0        0.0        0.0        0.005
    19      9     69.030c      0.0        0.0        0.0        0.0       -0.001
    19     10    -69.030c      0.0        0.0        0.0        0.0        0.002
    20     10     69.030c      0.0        0.0        0.0        0.0       -0.002
    20     11    -69.030c      0.0        0.0        0.0        0.0        0.001
    21     11     39.677c      0.0        0.0        0.0        0.0       -0.004
    21     12    -39.677c      0.0        0.0        0.0        0.0       -0.002
R E A C T I O N S							(global)
  Node        Fx          Fy          Fz         Mxx         Myy         Mzz
     1      11.941      40.323       0.000       0.000       0.000       0.0  
     2       0.0         0.0         0.000       0.000       0.000       0.0  
     3       0.0         0.0         0.000       0.000       0.000       0.0  
     4       0.0         0.0         0.000       0.000       0.000       0.0  
     5       0.0         0.0         0.000       0.000       0.000       0.0  
     6       0.0         0.0         0.000       0.000       0.000       0.0  
     7       0.0        39.677       0.000       0.000       0.000       0.0  
     8     -11.941       0.0         0.000       0.000       0.000       0.0  
     9       0.0         0.0         0.000       0.000       0.000       0.0  
    10       0.0         0.0         0.000       0.000       0.000       0.0  
    11       0.0         0.0         0.000       0.000       0.000       0.0  
    12       0.0         0.0         0.000       0.000       0.000       0.0  
R M S    R E L A T I V E    E Q U I L I B R I U M    E R R O R: 1.437e-16

L O A D   C A S E   2   O F   2  ... 

N O D E   D I S P L A C E M E N T S  					(global)
  Node    X-dsp       Y-dsp       Z-dsp       X-rot       Y-rot       Z-rot
     1    0.0        -1.000000    0.0         0.0         0.0        -0.000823
     2    0.072934   -1.059998    0.0         0.0         0.0        -0.000092
     3    0.135418   -1.005266    0.0         0.0         0.0         0.000899
     4    0.189627   -0.833841    0.0         0.0         0.0         0.001622
     5    0.218801   -0.599724    0.0         0.0         0.0         0.002109
     6    0.239698   -0.315535    0.0         0.0         0.0         0.002400
     7    0.250147    0.0         0.0         0.0         0.0         0.002623
     8    0.100000   -1.070446    0.0         0.0         0.0        -0.000148
     9    0.047756   -1.005266    0.0         0.0         0.0         0.000919
    10    0.016410   -0.833841    0.0         0.0         0.0         0.001634
    11   -0.014937   -0.599724    0.0         0.0         0.0         0.002125
    12   -0.025386   -0.305086    0.0         0.0         0.0         0.002354
F R A M E   E L E M E N T   E N D   F O R C E S				(local)
  Elmnt  Node       Nx          Vy         Vz        Txx        Myy        Mzz
     1      1   -176.256t      0.0        0.0        0.0        0.0       -0.001
     1      2    176.256t      0.0        0.0        0.0        0.0        0.002
     2      2   -151.005t      0.0        0.0        0.0        0.0       -0.003
     2      3    151.005t      0.0        0.0        0.0        0.0        0.002
     3      3   -131.005t      0.0        0.0        0.0        0.0       -0.004
     3      4    131.005t      0.0        0.0        0.0        0.0       -0.001
     4      4    -70.503t      0.0        0.0        0.0        0.0       -0.002
     4      5     70.503t      0.0        0.0        0.0        0.0        0.0  
     5      5    -50.502t      0.0        0.0        0.0        0.0       -0.002
     5      6     50.502t      0.0        0.0        0.0        0.0       -0.001
     6      6    -25.251t      0.0        0.0        0.0        0.0       -0.002
     6      7     25.251t      0.0        0.0        0.0        0.0       -0.001
     7      1    -35.711t      0.0        0.0        0.0        0.0        0.001
     7      8     35.711t      0.0        0.0        0.0        0.0        0.003
     8      2     25.251c      0.0        0.0        0.0        0.0        0.002
     8      8    -25.251c      0.0        0.0        0.0        0.0        0.001
     9      2    -35.711t      0.0        0.0        0.0        0.0       -0.001
     9      9     35.711t      0.0        0.0        0.0        0.0        0.003
    10      3      0.0         0.0        0.0        0.0        0.0        0.003
    10      9      0.0         0.0        0.0        0.0        0.0        0.003
    11      4     35.711c      0.0        0.0        0.0        0.0        0.001
    11      9    -35.711c      0.0        0.0        0.0        0.0       -0.002
    12      4      0.0         0.0        0.0        0.0        0.0        0.003
    12     10      0.0         0.0        0.0        0.0        0.0        0.003
    13      4    -35.711t      0.0        0.0        0.0        0.0       -0.000
    13     11     35.711t      0.0        0.0        0.0        0.0        0.001
    14      5      0.0         0.0        0.0        0.0        0.0        0.002
    14     11      0.0         0.0        0.0        0.0        0.0        0.002
    15      6     35.711c      0.0        0.0        0.0        0.0        0.001
    15     11    -35.711c      0.0        0.0        0.0        0.0       -0.000
    16      6    -25.251t      0.0        0.0        0.0        0.0        0.003
    16     12     25.251t      0.0        0.0        0.0        0.0        0.002
    17      7     35.711c      0.0        0.0        0.0        0.0        0.001
    17     12    -35.711c      0.0        0.0        0.0        0.0        0.000
    18      8    126.256c      0.0        0.0        0.0        0.0       -0.005
    18      9   -126.256c      0.0        0.0        0.0        0.0        0.000
    19      9     75.754c      0.0        0.0        0.0        0.0       -0.004
    19     10    -75.754c      0.0        0.0        0.0        0.0       -0.000
    20     10     75.754c      0.0        0.0        0.0        0.0       -0.002
    20     11    -75.754c      0.0        0.0        0.0        0.0        0.000
    21     11     25.251c      0.0        0.0        0.0        0.0       -0.004
    21     12    -25.251c      0.0        0.0        0.0        0.0       -0.003
R E A C T I O N S							(global)
  Node        Fx          Fy          Fz         Mxx         Myy         Mzz
     1    -201.508     -25.251       0.000       0.000       0.000       0.0  
     2       0.0         0.0         0.000       0.000       0.000       0.0  
     3       0.0         0.0         0.000       0.000       0.000       0.0  
     4       0.0         0.0         0.000       0.000       0.000       0.0  
     5       0.0         0.0         0.000       0.000       0.000       0.0  
     6       0.0         0.0         0.000       0.000       0.000       0.0  
     7       0.0        25.251       0.000       0.000       0.000       0.0  
     8     151.508       0.0         0.000       0.000       0.000       0.0  
     9       0.0         0.0         0.000       0.000       0.000       0.0  
    10       0.0         0.0         0.000       0.000       0.000       0.0  
    11       0.0         0.0         0.000       0.000       0.000       0.0  
    12       0.0         0.0         0.000       0.000       0.000       0.0  
R M S    R E L A T I V E    E Q U I L I B R I U M    E R R O R: 5.127e-16

